2024-03-05 09:51:55:5155 - [32minfo[39m: [32mServer is running on port 3000[39m
2024-03-05 09:52:31:5231 - [32minfo[39m: [32mConnection successfuly[39m
2024-03-05 09:52:31:5231 - [32minfo[39m: [32mServer is running on port 3000[39m
2024-03-05 09:53:49:5349 - [32minfo[39m: [32mConnection successfuly[39m
2024-03-05 09:53:49:5349 - [32minfo[39m: [32mServer is running on port 3000[39m
2024-03-05 09:53:52:5352 - [32minfo[39m: [32mConnection successfuly[39m
2024-03-05 09:53:52:5352 - [32minfo[39m: [32mServer is running on port 3000[39m
2024-03-05 10:01:56:156 - [32minfo[39m: [32mConnection successfuly[39m
2024-03-05 10:01:56:156 - [32minfo[39m: [32mServer is running on port 3000[39m
2024-03-05 10:02:02:22 - [32minfo[39m: [32mConnection successfuly[39m
2024-03-05 10:02:02:22 - [32minfo[39m: [32mServer is running on port 3000[39m
2024-03-05 10:02:33:233 - [32minfo[39m: [32mConnection successfuly[39m
2024-03-05 10:02:33:233 - [32minfo[39m: [32mServer is running on port 3000[39m
2024-03-05 10:03:09:39 - [32minfo[39m: [32mConnection successfuly[39m
2024-03-05 10:03:09:39 - [32minfo[39m: [32mServer is running on port 3000[39m
2024-03-05 10:03:11:311 - [32minfo[39m: [32mConnection successfuly[39m
2024-03-05 10:03:11:311 - [32minfo[39m: [32mServer is running on port 3000[39m
2024-03-05 10:03:12:312 - [35mhttp[39m: [35mGET /api/test 200 11 - 1.703 ms[39m
[35m[39m
2024-03-05 10:51:47:5147 - [32minfo[39m: [32mConnection successfuly[39m
2024-03-05 10:51:47:5147 - [32minfo[39m: [32mServer is running on port 3000[39m
2024-03-05 10:53:04:534 - [35mhttp[39m: [35mPOST /api/movie 200 22 - 1.552 ms[39m
[35m[39m
2024-03-05 10:54:06:546 - [32minfo[39m: [32mConnection successfuly[39m
2024-03-05 10:54:06:546 - [32minfo[39m: [32mServer is running on port 3000[39m
2024-03-05 10:54:24:5424 - [32minfo[39m: [32mConnection successfuly[39m
2024-03-05 10:54:24:5424 - [32minfo[39m: [32mServer is running on port 3000[39m
2024-03-05 10:54:35:5435 - [32minfo[39m: [32mConnection successfuly[39m
2024-03-05 10:54:35:5435 - [32minfo[39m: [32mServer is running on port 3000[39m
2024-03-05 10:56:34:5634 - [32minfo[39m: [32mConnection successfuly[39m
2024-03-05 10:56:34:5634 - [32minfo[39m: [32mServer is running on port 3000[39m
2024-03-05 10:57:12:5712 - [32minfo[39m: [32mConnection successfuly[39m
2024-03-05 10:57:12:5712 - [32minfo[39m: [32mServer is running on port 3000[39m
2024-03-05 10:57:16:5716 - [32minfo[39m: [32mConnection successfuly[39m
2024-03-05 10:57:16:5716 - [32minfo[39m: [32mServer is running on port 3000[39m
2024-03-05 10:57:46:5746 - [35mhttp[39m: [35mPOST /api/movie 201 149 - 35.587 ms[39m
[35m[39m
2024-03-05 11:15:06:156 - [35mhttp[39m: [35mPOST /api/movie 201 149 - 33.125 ms[39m
[35m[39m
2024-03-05 11:15:09:159 - [35mhttp[39m: [35mPOST /api/movie 201 149 - 13.779 ms[39m
[35m[39m
2024-03-05 11:35:02:352 - [32minfo[39m: [32mConnection successfuly[39m
2024-03-05 11:35:02:352 - [32minfo[39m: [32mServer is running on port 3000[39m
2024-03-05 11:35:36:3536 - [35mhttp[39m: [35mPOST /api/movie 201 151 - 30.717 ms[39m
[35m[39m
2024-03-06 09:02:25:225 - [32minfo[39m: [32mConnection successfuly[39m
2024-03-06 09:02:25:225 - [32minfo[39m: [32mServer is running on port 3000[39m
2024-03-06 09:14:19:1419 - [32minfo[39m: [32mConnection successfuly[39m
2024-03-06 09:14:19:1419 - [32minfo[39m: [32mServer is running on port 3000[39m
2024-03-06 09:14:47:1447 - [32minfo[39m: [32mConnection successfuly[39m
2024-03-06 09:14:47:1447 - [32minfo[39m: [32mServer is running on port 3000[39m
2024-03-06 09:14:50:1450 - [32minfo[39m: [32mConnection successfuly[39m
2024-03-06 09:14:50:1450 - [32minfo[39m: [32mServer is running on port 3000[39m
2024-03-06 09:56:35:5635 - [32minfo[39m: [32mConnection successfuly[39m
2024-03-06 09:56:35:5635 - [32minfo[39m: [32mServer is running on port 3000[39m
2024-03-06 10:38:35:3835 - [32minfo[39m: [32mConnection successfuly[39m
2024-03-06 10:38:35:3835 - [32minfo[39m: [32mServer is running on port 3000[39m
2024-03-06 10:38:48:3848 - [35mhttp[39m: [35mPOST /api/movie 201 142 - 36.723 ms[39m
[35m[39m
2024-03-06 10:38:58:3858 - [35mhttp[39m: [35mPOST /api/movie 422 50 - 1.527 ms[39m
[35m[39m
2024-03-06 10:42:38:4238 - [32minfo[39m: [32mConnection successfuly[39m
2024-03-06 10:42:38:4238 - [32minfo[39m: [32mServer is running on port 3000[39m
2024-03-06 10:43:54:4354 - [32minfo[39m: [32mConnection successfuly[39m
2024-03-06 10:43:54:4354 - [32minfo[39m: [32mServer is running on port 3000[39m
2024-03-06 10:43:59:4359 - [35mhttp[39m: [35mPOST /api/movie 422 72 - 7.328 ms[39m
[35m[39m
2024-03-06 10:45:39:4539 - [32minfo[39m: [32mConnection successfuly[39m
2024-03-06 10:45:39:4539 - [32minfo[39m: [32mServer is running on port 3000[39m
2024-03-06 10:45:48:4548 - [35mhttp[39m: [35mPOST /api/movie 422 55 - 3.982 ms[39m
[35m[39m
2024-03-06 10:45:59:4559 - [35mhttp[39m: [35mPOST /api/movie 201 172 - 31.990 ms[39m
[35m[39m
2024-03-06 10:46:16:4616 - [35mhttp[39m: [35mPOST /api/movie 422 55 - 0.561 ms[39m
[35m[39m
2024-03-06 10:47:33:4733 - [32minfo[39m: [32mConnection successfuly[39m
2024-03-06 10:47:33:4733 - [32minfo[39m: [32mServer is running on port 3000[39m
2024-03-06 10:48:24:4824 - [32minfo[39m: [32mConnection successfuly[39m
2024-03-06 10:48:24:4824 - [32minfo[39m: [32mServer is running on port 3000[39m
2024-03-06 10:48:34:4834 - [32minfo[39m: [32mConnection successfuly[39m
2024-03-06 10:48:34:4834 - [32minfo[39m: [32mServer is running on port 3000[39m
2024-03-06 10:48:39:4839 - [35mhttp[39m: [35mPOST /api/movie 422 106 - 6.128 ms[39m
[35m[39m
2024-03-06 10:49:10:4910 - [35mhttp[39m: [35mPOST /api/movie 422 57 - 2.409 ms[39m
[35m[39m
2024-03-06 10:49:21:4921 - [35mhttp[39m: [35mPOST /api/movie 201 208 - 29.636 ms[39m
[35m[39m
2024-03-06 10:52:24:5224 - [32minfo[39m: [32mConnection successfuly[39m
2024-03-06 10:52:24:5224 - [32minfo[39m: [32mServer is running on port 3000[39m
2024-03-06 10:52:32:5232 - [35mhttp[39m: [35mPOST /api/movie 422 53 - 3.962 ms[39m
[35m[39m
2024-03-06 10:52:45:5245 - [35mhttp[39m: [35mPOST /api/movie 201 230 - 29.315 ms[39m
[35m[39m
2024-03-06 10:54:44:5444 - [32minfo[39m: [32mConnection successfuly[39m
2024-03-06 10:54:44:5444 - [32minfo[39m: [32mServer is running on port 3000[39m
2024-03-06 10:54:45:5445 - [35mhttp[39m: [35mPOST /api/movie 422 54 - 9.633 ms[39m
[35m[39m
2024-03-06 10:56:46:5646 - [35mhttp[39m: [35mPOST /api/movie 422 54 - 2.302 ms[39m
[35m[39m
2024-03-06 10:57:44:5744 - [32minfo[39m: [32mConnection successfuly[39m
2024-03-06 10:57:44:5744 - [32minfo[39m: [32mServer is running on port 3000[39m
2024-03-06 10:58:24:5824 - [35mhttp[39m: [35mPOST /api/movie 201 292 - 35.331 ms[39m
[35m[39m
2024-03-06 11:16:01:161 - [32minfo[39m: [32mConnection successfuly[39m
2024-03-06 11:16:01:161 - [32minfo[39m: [32mServer is running on port 3000[39m
2024-03-06 11:55:13:5513 - [32minfo[39m: [32mConnection successfuly[39m
2024-03-06 11:55:13:5513 - [32minfo[39m: [32mServer is running on port 3000[39m
2024-03-06 11:56:17:5617 - [32minfo[39m: [32mConnection successfuly[39m
2024-03-06 11:56:17:5617 - [32minfo[39m: [32mServer is running on port 3000[39m
2024-03-06 12:00:44:044 - [32minfo[39m: [32mConnection successfuly[39m
2024-03-06 12:00:44:044 - [32minfo[39m: [32mServer is running on port 3000[39m
2024-03-06 12:06:31:631 - [35mhttp[39m: [35mGET /movie/2 404 146 - 1.582 ms[39m
[35m[39m
2024-03-06 12:06:32:632 - [35mhttp[39m: [35mGET /movie/2 404 146 - 0.307 ms[39m
[35m[39m
2024-03-06 12:06:42:642 - [31merror[39m: [31mErro no sistema: Cast to ObjectId failed for value "2" (type string) at path "_id" for model "Movie"[39m
2024-03-06 12:06:49:649 - [32minfo[39m: [32mConnection successfuly[39m
2024-03-06 12:06:49:649 - [32minfo[39m: [32mServer is running on port 3000[39m
2024-03-06 12:07:05:75 - [31merror[39m: [31mErro no sistema: Cast to ObjectId failed for value "2" (type string) at path "_id" for model "Movie"[39m
2024-03-06 12:07:35:735 - [35mhttp[39m: [35mGET /api/movie/2 - - - - ms[39m
[35m[39m
2024-03-06 12:08:10:810 - [32minfo[39m: [32mConnection successfuly[39m
2024-03-06 12:08:10:810 - [32minfo[39m: [32mServer is running on port 3000[39m
2024-03-06 12:08:42:842 - [35mhttp[39m: [35mGET /api/movie/65e8752dabf748383a66f7be - - - - ms[39m
[35m[39m
2024-03-06 12:09:10:910 - [35mhttp[39m: [35mGET /api/movie/65e876807bc7362410db8cc2 - - - - ms[39m
[35m[39m
2024-03-06 12:09:11:911 - [35mhttp[39m: [35mGET /api/movie/65e876807bc7362410db8cc2 - - - - ms[39m
[35m[39m
2024-03-06 12:09:16:916 - [32minfo[39m: [32mConnection successfuly[39m
2024-03-06 12:09:16:916 - [32minfo[39m: [32mServer is running on port 3000[39m
2024-03-06 12:09:23:923 - [35mhttp[39m: [35mGET /api/movie/65e876807bc7362410db8cc2 - - - - ms[39m
[35m[39m
2024-03-06 12:09:27:927 - [32minfo[39m: [32mConnection successfuly[39m
2024-03-06 12:09:27:927 - [32minfo[39m: [32mServer is running on port 3000[39m
2024-03-06 12:10:22:1022 - [32minfo[39m: [32mConnection successfuly[39m
2024-03-06 12:10:22:1022 - [32minfo[39m: [32mServer is running on port 3000[39m
2024-03-06 12:10:34:1034 - [32minfo[39m: [32mConnection successfuly[39m
2024-03-06 12:10:34:1034 - [32minfo[39m: [32mServer is running on port 3000[39m
2024-03-06 12:10:46:1046 - [32minfo[39m: [32mConnection successfuly[39m
2024-03-06 12:10:46:1046 - [32minfo[39m: [32mServer is running on port 3000[39m
2024-03-06 12:11:29:1129 - [35mhttp[39m: [35mGET /api/movie/65e876807bc7362410db8cc2 - - - - ms[39m
[35m[39m
2024-03-06 12:11:32:1132 - [32minfo[39m: [32mConnection successfuly[39m
2024-03-06 12:11:32:1132 - [32minfo[39m: [32mServer is running on port 3000[39m
2024-03-06 12:11:33:1133 - [35mhttp[39m: [35mGET /api/movie/65e876807bc7362410db8cc2 200 292 - 17.940 ms[39m
[35m[39m
2024-03-06 12:13:21:1321 - [32minfo[39m: [32mConnection successfuly[39m
2024-03-06 12:13:21:1321 - [32minfo[39m: [32mServer is running on port 3000[39m
2024-03-06 12:14:07:147 - [32minfo[39m: [32mConnection successfuly[39m
2024-03-06 12:14:07:147 - [32minfo[39m: [32mServer is running on port 3000[39m
2024-03-06 12:27:50:2750 - [32minfo[39m: [32mConnection successfuly[39m
2024-03-06 12:27:50:2750 - [32minfo[39m: [32mServer is running on port 3000[39m
2024-03-06 12:28:10:2810 - [32minfo[39m: [32mConnection successfuly[39m
2024-03-06 12:28:11:2811 - [32minfo[39m: [32mServer is running on port 3000[39m
2024-03-06 12:28:33:2833 - [32minfo[39m: [32mConnection successfuly[39m
2024-03-06 12:28:33:2833 - [32minfo[39m: [32mServer is running on port 3000[39m
2024-03-06 12:28:42:2842 - [35mhttp[39m: [35mPOST /api/movie 201 292 - 68.075 ms[39m
[35m[39m
2024-03-06 12:28:47:2847 - [35mhttp[39m: [35mGET /api/movie 200 1795 - 21.051 ms[39m
[35m[39m
2024-03-06 12:29:57:2957 - [32minfo[39m: [32mConnection successfuly[39m
2024-03-06 12:29:57:2957 - [32minfo[39m: [32mServer is running on port 3000[39m
2024-03-06 12:33:51:3351 - [32minfo[39m: [32mConnection successfuly[39m
2024-03-06 12:33:51:3351 - [32minfo[39m: [32mServer is running on port 3000[39m
2024-03-06 12:36:15:3615 - [32minfo[39m: [32mConnection successfuly[39m
2024-03-06 12:36:15:3615 - [32minfo[39m: [32mServer is running on port 3000[39m
2024-03-06 12:36:44:3644 - [35mhttp[39m: [35mDELETE /api/movie/65e876807bc7362410db8cc2 200 36 - 85.189 ms[39m
[35m[39m
2024-03-06 12:36:58:3658 - [35mhttp[39m: [35mDELETE /api/movie/65e876807bc7362410db8cc2 404 31 - 10.965 ms[39m
[35m[39m
2024-03-06 12:43:33:4333 - [32minfo[39m: [32mConnection successfuly[39m
2024-03-06 12:43:33:4333 - [32minfo[39m: [32mServer is running on port 3000[39m
2024-03-06 12:43:56:4356 - [35mhttp[39m: [35mGET /api/movie 200 1502 - 26.883 ms[39m
[35m[39m
2024-03-06 12:44:12:4412 - [35mhttp[39m: [35mGET /api/movie/65e87461af2e9f7303836675 200 208 - 9.002 ms[39m
[35m[39m
2024-03-06 12:44:30:4430 - [35mhttp[39m: [35mPATCH /api/movie/65e87461af2e9f7303836675 200 209 - 34.410 ms[39m
[35m[39m
